0    [main] DEBUG com.darkenedsky.reddit.traders.RedditTraders  - RedditTraders launched OK.
40747 [main] DEBUG com.darkenedsky.reddit.traders.RedditTraders  - Received message from redditor JaedenStormes: setlegacy retrogameswap maverickrenegade 31 // re: RedditTraders Automated Message
40953 [main] DEBUG com.darkenedsky.reddit.traders.RedditTraders  - Command: RE:
40953 [main] DEBUG com.darkenedsky.reddit.traders.RedditTraders  - Command: SETLEGACY
40953 [main] DEBUG com.darkenedsky.reddit.traders.RedditTraders  - Sender: JaedenStormes
42679 [main] DEBUG com.darkenedsky.reddit.traders.RedditTraders  - Posting flair...
42871 [main] DEBUG com.darkenedsky.reddit.traders.RedditTraders  - flair posted.
42871 [main] DEBUG com.darkenedsky.reddit.traders.RedditTraders  - Sending message RedditTraders Automated Message to user JaedenStormes
0    [main] DEBUG com.darkenedsky.reddit.traders.RedditTraders  - RedditTraders launched OK.
40690 [main] DEBUG com.darkenedsky.reddit.traders.RedditTraders  - Received message from redditor JaedenStormes: setlegacy retrogameswap maverickrenegade 31 // re: RedditTraders Automated Message
40909 [main] DEBUG com.darkenedsky.reddit.traders.RedditTraders  - Command: RE:
40910 [main] DEBUG com.darkenedsky.reddit.traders.RedditTraders  - Command: SETLEGACY
40910 [main] DEBUG com.darkenedsky.reddit.traders.RedditTraders  - Sender: JaedenStormes
42398 [main] DEBUG com.darkenedsky.reddit.traders.RedditTraders  - Posting flair...
42398 [main] DEBUG com.darkenedsky.reddit.traders.RedditTraders  - uh=hua1clhy7e77cf9c45dcabc1fe06b9c94bfec7a69af2569726&name=maverickrenegade&r=retrogameswap&css_class = red20
42606 [main] DEBUG com.darkenedsky.reddit.traders.RedditTraders  - flair posted.
42606 [main] DEBUG com.darkenedsky.reddit.traders.RedditTraders  - Sending message RedditTraders Automated Message to user JaedenStormes
0    [main] DEBUG com.darkenedsky.reddit.traders.RedditTraders  - RedditTraders launched OK.
41575 [main] DEBUG com.darkenedsky.reddit.traders.RedditTraders  - Received message from redditor JaedenStormes: setlegacy retrogameswap maverickrenegade 31
 // re: RedditTraders Automated Message
41781 [main] DEBUG com.darkenedsky.reddit.traders.RedditTraders  - Command: RE:
41781 [main] DEBUG com.darkenedsky.reddit.traders.RedditTraders  - Command: SETLEGACY
41781 [main] DEBUG com.darkenedsky.reddit.traders.RedditTraders  - Sender: JaedenStormes
42690 [main] DEBUG com.darkenedsky.reddit.traders.RedditTraders  - Posting flair...
42690 [main] DEBUG com.darkenedsky.reddit.traders.RedditTraders  - uh=1t7ger6khu636440ec53faed7582397a131281293355f28995&name=maverickrenegade&r=retrogameswap&css_class=red20
43008 [main] DEBUG com.darkenedsky.reddit.traders.RedditTraders  - flair posted.
43008 [main] DEBUG com.darkenedsky.reddit.traders.RedditTraders  - Sending message RedditTraders Automated Message to user JaedenStormes
145962 [main] DEBUG com.darkenedsky.reddit.traders.RedditTraders  - Received message from redditor JaedenStormes: setlegacy retrogameswap zachthepimp 1
setlegacy retrogameswap alexsyc11 15
setlegacy retrogameswap steamnoob 1
setlegacy retrogameswap novalaw 1
setlegacy retrogameswap lulz_zero 1
setlegacy retrogameswap retr0gamer 2
setlegacy retrogameswap phiberosmosis 1
setlegacy retrogameswap stryfehiro 1
 // re: RedditTraders Automated Message
146135 [main] DEBUG com.darkenedsky.reddit.traders.RedditTraders  - Command: RE:
146136 [main] DEBUG com.darkenedsky.reddit.traders.RedditTraders  - Command: SETLEGACY
146136 [main] DEBUG com.darkenedsky.reddit.traders.RedditTraders  - Sender: JaedenStormes
146916 [main] DEBUG com.darkenedsky.reddit.traders.RedditTraders  - Posting flair...
146917 [main] DEBUG com.darkenedsky.reddit.traders.RedditTraders  - uh=1t7ger6khu636440ec53faed7582397a131281293355f28995&name=zachthepimp&r=retrogameswap&css_class=green1
147081 [main] DEBUG com.darkenedsky.reddit.traders.RedditTraders  - flair posted.
147082 [main] DEBUG com.darkenedsky.reddit.traders.RedditTraders  - Command: SETLEGACY
147082 [main] DEBUG com.darkenedsky.reddit.traders.RedditTraders  - Sender: JaedenStormes
147744 [main] DEBUG com.darkenedsky.reddit.traders.RedditTraders  - Posting flair...
147744 [main] DEBUG com.darkenedsky.reddit.traders.RedditTraders  - uh=1t7ger6khu636440ec53faed7582397a131281293355f28995&name=alexsyc11&r=retrogameswap&css_class=yellow10
148018 [main] DEBUG com.darkenedsky.reddit.traders.RedditTraders  - flair posted.
148019 [main] DEBUG com.darkenedsky.reddit.traders.RedditTraders  - Command: SETLEGACY
148019 [main] DEBUG com.darkenedsky.reddit.traders.RedditTraders  - Sender: JaedenStormes
148521 [main] DEBUG com.darkenedsky.reddit.traders.RedditTraders  - Posting flair...
148521 [main] DEBUG com.darkenedsky.reddit.traders.RedditTraders  - uh=1t7ger6khu636440ec53faed7582397a131281293355f28995&name=steamnoob&r=retrogameswap&css_class=green1
148728 [main] DEBUG com.darkenedsky.reddit.traders.RedditTraders  - flair posted.
148728 [main] DEBUG com.darkenedsky.reddit.traders.RedditTraders  - Command: SETLEGACY
148729 [main] DEBUG com.darkenedsky.reddit.traders.RedditTraders  - Sender: JaedenStormes
149136 [main] DEBUG com.darkenedsky.reddit.traders.RedditTraders  - Posting flair...
149136 [main] DEBUG com.darkenedsky.reddit.traders.RedditTraders  - uh=1t7ger6khu636440ec53faed7582397a131281293355f28995&name=novalaw&r=retrogameswap&css_class=green1
149360 [main] DEBUG com.darkenedsky.reddit.traders.RedditTraders  - flair posted.
149361 [main] DEBUG com.darkenedsky.reddit.traders.RedditTraders  - Command: SETLEGACY
149361 [main] DEBUG com.darkenedsky.reddit.traders.RedditTraders  - Sender: JaedenStormes
149816 [main] DEBUG com.darkenedsky.reddit.traders.RedditTraders  - Posting flair...
149816 [main] DEBUG com.darkenedsky.reddit.traders.RedditTraders  - uh=1t7ger6khu636440ec53faed7582397a131281293355f28995&name=lulz_zero&r=retrogameswap&css_class=green1
150015 [main] DEBUG com.darkenedsky.reddit.traders.RedditTraders  - flair posted.
150016 [main] DEBUG com.darkenedsky.reddit.traders.RedditTraders  - Command: SETLEGACY
150016 [main] DEBUG com.darkenedsky.reddit.traders.RedditTraders  - Sender: JaedenStormes
150541 [main] DEBUG com.darkenedsky.reddit.traders.RedditTraders  - Posting flair...
150542 [main] DEBUG com.darkenedsky.reddit.traders.RedditTraders  - uh=1t7ger6khu636440ec53faed7582397a131281293355f28995&name=retr0gamer&r=retrogameswap&css_class=green1
150806 [main] DEBUG com.darkenedsky.reddit.traders.RedditTraders  - flair posted.
150806 [main] DEBUG com.darkenedsky.reddit.traders.RedditTraders  - Command: SETLEGACY
150806 [main] DEBUG com.darkenedsky.reddit.traders.RedditTraders  - Sender: JaedenStormes
151478 [main] DEBUG com.darkenedsky.reddit.traders.RedditTraders  - Posting flair...
151478 [main] DEBUG com.darkenedsky.reddit.traders.RedditTraders  - uh=1t7ger6khu636440ec53faed7582397a131281293355f28995&name=phiberosmosis&r=retrogameswap&css_class=green1
151692 [main] DEBUG com.darkenedsky.reddit.traders.RedditTraders  - flair posted.
151692 [main] DEBUG com.darkenedsky.reddit.traders.RedditTraders  - Command: SETLEGACY
151692 [main] DEBUG com.darkenedsky.reddit.traders.RedditTraders  - Sender: JaedenStormes
152369 [main] DEBUG com.darkenedsky.reddit.traders.RedditTraders  - Posting flair...
152369 [main] DEBUG com.darkenedsky.reddit.traders.RedditTraders  - uh=1t7ger6khu636440ec53faed7582397a131281293355f28995&name=stryfehiro&r=retrogameswap&css_class=green1
152566 [main] DEBUG com.darkenedsky.reddit.traders.RedditTraders  - flair posted.
152566 [main] DEBUG com.darkenedsky.reddit.traders.RedditTraders  - Sending message RedditTraders Automated Message to user JaedenStormes
